<?xml version="1.0" encoding="UTF-8"?>
<!-- Generated by org.testng.reporters.JUnitReportReporter -->
<testsuite hostname="Manjunath" failures="0" tests="9" name="Amazon.AutomationGuru.suites.SampleSuiteITest" time="23.660" errors="0" timestamp="14 May 2024 13:25:57 GMT">
  <testcase classname="Amazon.AutomationGuru.suites.SampleSuiteITest" name="we_should_be_able_to_return_new_pages_from_pages" time="4.106"/>
  <testcase classname="Amazon.AutomationGuru.suites.SampleSuiteITest" name="we_should_be_able_to_control_screensize_via_annotations" time="6.259"/>
  <testcase classname="Amazon.AutomationGuru.suites.SampleSuiteITest" name="we_should_be_able_to_pass_desired_urls_to_pages" time="3.867"/>
  <testcase classname="Amazon.AutomationGuru.suites.SampleSuiteITest" name="we_should_get_an_error_when_calling_factory_methods_with_a_return_type_that_does_not_extend_Page" time="1.152"/>
  <testcase classname="Amazon.AutomationGuru.suites.SampleSuiteITest" name="we_should_be_able_to_set_the_user_agent_on_a_test_by_test_basis" time="1.114"/>
  <testcase classname="Amazon.AutomationGuru.suites.SampleSuiteITest" name="we_should_be_able_to_configure_values_from_properties_files" time="1.134"/>
  <testcase classname="Amazon.AutomationGuru.suites.SampleSuiteITest" name="we_should_get_an_error_when_initializing_a_page_that_is_not_viewable_from_the_current_url" time="1.585"/>
  <testcase classname="Amazon.AutomationGuru.suites.SampleSuiteITest" name="we_should_be_able_to_view_google_with_phantom" time="2.239"/>
  <testcase classname="Amazon.AutomationGuru.suites.SampleSuiteITest" name="we_should_be_default_screensize_to_Phone" time="2.204"/>
</testsuite> <!-- Amazon.AutomationGuru.suites.SampleSuiteITest -->
