<?xml version="1.0" encoding="UTF-8"?>
<!-- Generated by org.testng.reporters.JUnitReportReporter -->
<testsuite hostname="Manjunath" failures="0" tests="3" name="Amazon.AutomationGuru.SeleniumTest.ValidateCartList" time="126.590" errors="0" timestamp="19 May 2024 13:36:25 GMT">
  <testcase classname="Amazon.AutomationGuru.SeleniumTest.ValidateCartList" name="validateCartforMonitor" time="43.626"/>
  <testcase classname="Amazon.AutomationGuru.SeleniumTest.ValidateCartList" name="validateHeadPhonenKeyBoard" time="49.750"/>
  <testcase classname="Amazon.AutomationGuru.SeleniumTest.ValidateCartList" name="validateCartforLaptop" time="33.214"/>
</testsuite> <!-- Amazon.AutomationGuru.SeleniumTest.ValidateCartList -->
