<?xml version="1.0" encoding="UTF-8"?>
<!-- Generated by org.testng.reporters.JUnitReportReporter -->
<testsuite hostname="Manjunath" failures="0" tests="1" name="Amazon.AutomationGuru.Utilities.DataProvider.ConfigFileReader" time="0.015" errors="0" timestamp="17 May 2024 08:00:23 GMT">
  <testcase classname="Amazon.AutomationGuru.Utilities.DataProvider.ConfigFileReader" name="getApplicationUrl" time="0.015"/>
</testsuite> <!-- Amazon.AutomationGuru.Utilities.DataProvider.ConfigFileReader -->
