<?xml version="1.0" encoding="UTF-8"?>
<!-- Generated by org.testng.reporters.JUnitReportReporter -->
<testsuite hostname="Manjunath" failures="0" tests="1" name="Automation.Listners.TestListener" time="4.076" errors="0" timestamp="16 May 2024 07:06:48 GMT">
  <testcase classname="Automation.Listners.TestListener" name="learnTest" time="4.076"/>
</testsuite> <!-- Automation.Listners.TestListener -->
