<?xml version="1.0" encoding="UTF-8"?>
<!-- Generated by org.testng.reporters.JUnitReportReporter -->
<testsuite hostname="Manjunath" failures="0" tests="1" name="Amazon.AutomationGuru.Utilities.ExtentReports.ExtentReportGeneration" time="0.632" errors="0" timestamp="15 May 2024 11:33:21 GMT">
  <testcase classname="Amazon.AutomationGuru.Utilities.ExtentReports.ExtentReportGeneration" name="beforeSuite" time="0.632"/>
</testsuite> <!-- Amazon.AutomationGuru.Utilities.ExtentReports.ExtentReportGeneration -->
