<?xml version="1.0" encoding="UTF-8"?>
<!-- Generated by org.testng.reporters.JUnitReportReporter -->
<testsuite hostname="Manjunath" failures="0" tests="2" name="Amazon.AutomationGuru.Utilities.ExtentReports.ReportIntegrationwithTesttNg" time="0.029" errors="0" timestamp="15 May 2024 12:08:54 GMT">
  <testcase classname="Amazon.AutomationGuru.Utilities.ExtentReports.ReportIntegrationwithTesttNg" name="duringTestFail" time="0.007"/>
  <testcase classname="Amazon.AutomationGuru.Utilities.ExtentReports.ReportIntegrationwithTesttNg" name="duringTest" time="0.022"/>
</testsuite> <!-- Amazon.AutomationGuru.Utilities.ExtentReports.ReportIntegrationwithTesttNg -->
