<?xml version="1.0" encoding="UTF-8"?>
<!-- Generated by org.testng.reporters.JUnitReportReporter -->
<testsuite hostname="Manjunath" failures="0" tests="1" name="Amazon.AutomationGuru.pages.BaseClass" time="3.566" errors="0" timestamp="19 May 2024 04:48:37 GMT">
  <testcase classname="Amazon.AutomationGuru.pages.BaseClass" name="tearDown" time="3.566"/>
</testsuite> <!-- Amazon.AutomationGuru.pages.BaseClass -->
