<?xml version="1.0" encoding="UTF-8"?>
<!-- Generated by org.testng.reporters.JUnitReportReporter -->
<testsuite hostname="Manjunath" failures="0" tests="1" name="Amazon.AutomationGuru.pages.TestNg" time="4.115" errors="0" timestamp="17 May 2024 01:59:51 GMT">
  <testcase classname="Amazon.AutomationGuru.pages.TestNg" name="learnTestValue" time="4.115"/>
</testsuite> <!-- Amazon.AutomationGuru.pages.TestNg -->
