<?xml version="1.0" encoding="UTF-8"?>
<!-- Generated by org.testng.reporters.JUnitReportReporter -->
<testsuite hostname="Manjunath" failures="0" tests="1" name="Amazon.AutomationGuru.pages.TestNgValidation" time="0.009" errors="0" timestamp="17 May 2024 01:27:39 GMT">
  <testcase classname="Amazon.AutomationGuru.pages.TestNgValidation" name="testCase" time="0.009"/>
</testsuite> <!-- Amazon.AutomationGuru.pages.TestNgValidation -->
